0 info it worked if it ends with ok
1 verbose cli [ '/Users/richhunt/.nvm/versions/node/v5.11.1/bin/node',
1 verbose cli   '/Users/richhunt/.nvm/versions/node/v5.11.1/bin/npm',
1 verbose cli   'publish',
1 verbose cli   '-f' ]
2 info using npm@3.8.6
3 info using node@v5.11.1
4 warn using --force I sure hope you know what you are doing.
5 verbose publish [ '.' ]
6 silly cache add args [ '.', null ]
7 verbose cache add spec .
8 silly cache add parsed spec Result {
8 silly cache add   raw: '.',
8 silly cache add   scope: null,
8 silly cache add   name: null,
8 silly cache add   rawSpec: '.',
8 silly cache add   spec: '/Users/richhunt/workspace/gretchen',
8 silly cache add   type: 'directory' }
9 verbose addLocalDirectory /Users/richhunt/.npm/hubot-gretchen/0.0.3/package.tgz not in flight; packing
10 verbose correctMkdir /Users/richhunt/.npm correctMkdir not in flight; initializing
11 info lifecycle hubot-gretchen@0.0.3~prepublish: hubot-gretchen@0.0.3
12 silly lifecycle hubot-gretchen@0.0.3~prepublish: no script for prepublish, continuing
13 verbose tar pack [ '/Users/richhunt/.npm/hubot-gretchen/0.0.3/package.tgz',
13 verbose tar pack   '/Users/richhunt/workspace/gretchen' ]
14 verbose tarball /Users/richhunt/.npm/hubot-gretchen/0.0.3/package.tgz
15 verbose folder /Users/richhunt/workspace/gretchen
16 verbose addLocalTarball adding from inside cache /Users/richhunt/.npm/hubot-gretchen/0.0.3/package.tgz
17 verbose correctMkdir /Users/richhunt/.npm correctMkdir not in flight; initializing
18 silly cache afterAdd hubot-gretchen@0.0.3
19 verbose afterAdd /Users/richhunt/.npm/hubot-gretchen/0.0.3/package/package.json not in flight; writing
20 verbose correctMkdir /Users/richhunt/.npm correctMkdir not in flight; initializing
21 verbose afterAdd /Users/richhunt/.npm/hubot-gretchen/0.0.3/package/package.json written
22 silly publish { name: 'hubot-gretchen',
22 silly publish   description: 'Creates a HTTP endpoint to tell hubot secrets.  Like Gretchen Weiners.',
22 silly publish   version: '0.0.3',
22 silly publish   author: { name: 'Richard Hunt' },
22 silly publish   license: 'MIT',
22 silly publish   keywords: [ 'hubot', 'hubot-scripts' ],
22 silly publish   repository:
22 silly publish    { type: 'git',
22 silly publish      url: 'git://github.com/richardhunt/gretchen.git' },
22 silly publish   bugs: { url: 'https://github.com/hubot-scripts/hubot-hubot-listen/issues' },
22 silly publish   dependencies: {},
22 silly publish   peerDependencies: { hubot: '2.x' },
22 silly publish   devDependencies:
22 silly publish    { chai: '^2.1.1',
22 silly publish      'coffee-script': '1.6.3',
22 silly publish      grunt: '^0.4.5',
22 silly publish      'grunt-cli': '^0.1.13',
22 silly publish      'grunt-contrib-watch': '~0.6.1',
22 silly publish      'grunt-mocha-test': '~0.12.7',
22 silly publish      'grunt-release': '~0.11.0',
22 silly publish      hubot: '2.x',
22 silly publish      matchdep: '~0.3.0',
22 silly publish      mocha: '^2.1.0',
22 silly publish      sinon: '^1.13.0',
22 silly publish      'sinon-chai': '^2.7.0' },
22 silly publish   main: 'index.coffee',
22 silly publish   scripts: { test: 'grunt test' },
22 silly publish   readme: '# hubot-gretchen\n\nCreates a HTTP endpoint to tell hubot secrets.  Like Gretchen Weiners.\n\nSee [`src/gretchen.coffee`](src/gretchen.coffee) for full documentation.\n\n## Installation\n\nIn hubot project repo, run:\n\n`npm install hubot-gretchen --save`\n\nThen add **hubot-gretchen** to your `external-scripts.json`:\n\n```json\n[\n  "hubot-gretchen"\n]\n```\n\n## Sample Interaction\n\n```\n// raw json, must specify Content-Type: application/json\ncurl -X POST -H "Content-Type: application/json" -d \'{"secret":"I\'m up to no good"}\' http://127.0.0.1:8080/hubot/chatsecrets/room\n```\n',
22 silly publish   readmeFilename: 'README.md',
22 silly publish   gitHead: '9bbbc401bb88131e7440a1f1a1c7637a81c61efb',
22 silly publish   homepage: 'https://github.com/richardhunt/gretchen#readme',
22 silly publish   _id: 'hubot-gretchen@0.0.3',
22 silly publish   _shasum: '4100d0e329bde1c80bdb96535fdae5cdf8855297',
22 silly publish   _from: '.' }
23 verbose getPublishConfig undefined
24 silly mapToRegistry name hubot-gretchen
25 silly mapToRegistry using default registry
26 silly mapToRegistry registry https://registry.npmjs.org/
27 silly mapToRegistry data Result {
27 silly mapToRegistry   raw: 'hubot-gretchen',
27 silly mapToRegistry   scope: null,
27 silly mapToRegistry   name: 'hubot-gretchen',
27 silly mapToRegistry   rawSpec: '',
27 silly mapToRegistry   spec: 'latest',
27 silly mapToRegistry   type: 'tag' }
28 silly mapToRegistry uri https://registry.npmjs.org/hubot-gretchen
29 verbose publish registryBase https://registry.npmjs.org/
30 silly publish uploading /Users/richhunt/.npm/hubot-gretchen/0.0.3/package.tgz
31 verbose request uri https://registry.npmjs.org/hubot-gretchen
32 verbose request sending authorization for write operation
33 info attempt registry request try #1 at 2:04:06 PM
34 verbose request using bearer token for auth
35 verbose request id 593cad019b54fab5
36 http request PUT https://registry.npmjs.org/hubot-gretchen
37 http 403 https://registry.npmjs.org/hubot-gretchen
38 verbose headers { 'content-type': 'application/json',
38 verbose headers   'cache-control': 'max-age=300',
38 verbose headers   'content-length': '95',
38 verbose headers   'accept-ranges': 'bytes',
38 verbose headers   date: 'Fri, 08 Jul 2016 18:04:07 GMT',
38 verbose headers   via: '1.1 varnish',
38 verbose headers   connection: 'keep-alive',
38 verbose headers   'x-served-by': 'cache-iad2136-IAD',
38 verbose headers   'x-cache': 'MISS',
38 verbose headers   'x-cache-hits': '0',
38 verbose headers   'x-timer': 'S1468001046.358083,VS0,VE658',
38 verbose headers   vary: 'Accept-Encoding' }
39 verbose request invalidating /Users/richhunt/.npm/registry.npmjs.org/hubot-gretchen on PUT
40 error publish Failed PUT 403
41 verbose stack Error: "You cannot publish over the previously published version 0.0.3." : hubot-gretchen
41 verbose stack     at makeError (/Users/richhunt/.nvm/versions/node/v5.11.1/lib/node_modules/npm/node_modules/npm-registry-client/lib/request.js:264:12)
41 verbose stack     at CachingRegistryClient.<anonymous> (/Users/richhunt/.nvm/versions/node/v5.11.1/lib/node_modules/npm/node_modules/npm-registry-client/lib/request.js:252:14)
41 verbose stack     at Request._callback (/Users/richhunt/.nvm/versions/node/v5.11.1/lib/node_modules/npm/node_modules/npm-registry-client/lib/request.js:172:14)
41 verbose stack     at Request.self.callback (/Users/richhunt/.nvm/versions/node/v5.11.1/lib/node_modules/npm/node_modules/request/request.js:199:22)
41 verbose stack     at emitTwo (events.js:100:13)
41 verbose stack     at Request.emit (events.js:185:7)
41 verbose stack     at Request.<anonymous> (/Users/richhunt/.nvm/versions/node/v5.11.1/lib/node_modules/npm/node_modules/request/request.js:1036:10)
41 verbose stack     at emitOne (events.js:95:20)
41 verbose stack     at Request.emit (events.js:182:7)
41 verbose stack     at IncomingMessage.<anonymous> (/Users/richhunt/.nvm/versions/node/v5.11.1/lib/node_modules/npm/node_modules/request/request.js:963:12)
42 verbose statusCode 403
43 verbose pkgid hubot-gretchen
44 verbose cwd /Users/richhunt/workspace/gretchen
45 error Darwin 15.5.0
46 error argv "/Users/richhunt/.nvm/versions/node/v5.11.1/bin/node" "/Users/richhunt/.nvm/versions/node/v5.11.1/bin/npm" "publish" "-f"
47 error node v5.11.1
48 error npm  v3.8.6
49 error code E403
50 error "You cannot publish over the previously published version 0.0.3." : hubot-gretchen
51 error If you need help, you may report this error at:
51 error     <https://github.com/npm/npm/issues>
52 verbose exit [ 1, true ]
