0 info it worked if it ends with ok
1 verbose cli [ '/Users/richhunt/.nvm/versions/node/v5.11.1/bin/node',
1 verbose cli   '/Users/richhunt/.nvm/versions/node/v5.11.1/bin/npm',
1 verbose cli   'publish',
1 verbose cli   '--force' ]
2 info using npm@3.8.6
3 info using node@v5.11.1
4 warn using --force I sure hope you know what you are doing.
5 verbose publish [ '.' ]
6 silly cache add args [ '.', null ]
7 verbose cache add spec .
8 silly cache add parsed spec Result {
8 silly cache add   raw: '.',
8 silly cache add   scope: null,
8 silly cache add   name: null,
8 silly cache add   rawSpec: '.',
8 silly cache add   spec: '/Users/richhunt/workspace/gretchen/src',
8 silly cache add   type: 'local' }
9 error addLocal Could not install /Users/richhunt/workspace/gretchen/src
10 verbose stack Error: EISDIR: illegal operation on a directory, read
10 verbose stack     at Error (native)
11 verbose cwd /Users/richhunt/workspace/gretchen/src
12 error Darwin 15.5.0
13 error argv "/Users/richhunt/.nvm/versions/node/v5.11.1/bin/node" "/Users/richhunt/.nvm/versions/node/v5.11.1/bin/npm" "publish" "--force"
14 error node v5.11.1
15 error npm  v3.8.6
16 error code EISDIR
17 error errno -21
18 error syscall read
19 error eisdir EISDIR: illegal operation on a directory, read
20 error eisdir This is most likely not a problem with npm itself
20 error eisdir and is related to npm not being able to find a package.json in
20 error eisdir a package you are trying to install.
21 verbose exit [ -21, true ]
